<?xml version="1.0" encoding="UTF-8"?>
<!-- Generated by org.testng.reporters.JUnitReportReporter -->
<testsuite hostname="USMUMVPHOOLCHA2" failures="0" tests="1" name="Learning.ExtentReport.ExtentReportDemo" time="7.707" errors="0" timestamp="2025-05-27T18:54:03 IST" skipped="0">
  <testcase classname="Learning.ExtentReport.ExtentReportDemo" name="demo" time="7.707"/>
  <system-out/>
</testsuite> <!-- Learning.ExtentReport.ExtentReportDemo -->
